<?xml version="1.0" encoding="utf-8"?><testsuites><testsuite errors="0" failures="0" hostname="DESKTOP-VAA74C6" name="pytest" skipped="0" tests="7" time="12.576" timestamp="2020-08-02T18:52:08.201511"><testcase classname="test_submit" file="test_submit.py" line="3" name="test_q1" time="0.011"></testcase><testcase classname="test_submit" file="test_submit.py" line="8" name="test_q2" time="0.014"></testcase><testcase classname="test_submit" file="test_submit.py" line="13" name="test_q3" time="0.011"></testcase><testcase classname="test_submit" file="test_submit.py" line="18" name="test_q4" time="0.013"></testcase><testcase classname="test_submit" file="test_submit.py" line="23" name="test_q5" time="0.005"></testcase><testcase classname="test_submit" file="test_submit.py" line="28" name="test_q6" time="0.005"></testcase><testcase classname="test_submit" file="test_submit.py" line="33" name="test_q7" time="0.005"></testcase></testsuite></testsuites>