<?xml version="1.0" encoding="utf-8"?><testsuites><testsuite errors="0" failures="0" hostname="DESKTOP-VAA74C6" name="pytest" skipped="0" tests="4" time="7.291" timestamp="2020-08-02T19:40:34.524100"><testcase classname="test_submit" file="test_submit.py" line="3" name="test_q1" time="0.070"></testcase><testcase classname="test_submit" file="test_submit.py" line="8" name="test_q2" time="0.068"></testcase><testcase classname="test_submit" file="test_submit.py" line="13" name="test_q3" time="0.067"></testcase><testcase classname="test_submit" file="test_submit.py" line="18" name="test_q4" time="0.659"></testcase></testsuite></testsuites>