<?xml version="1.0" encoding="utf-8"?><testsuites><testsuite errors="0" failures="0" hostname="DESKTOP-VAA74C6" name="pytest" skipped="0" tests="7" time="6.461" timestamp="2020-08-02T23:05:15.734070"><testcase classname="test_submit" file="test_submit.py" line="3" name="test_q1" time="0.003"></testcase><testcase classname="test_submit" file="test_submit.py" line="11" name="test_q2" time="0.011"></testcase><testcase classname="test_submit" file="test_submit.py" line="16" name="test_q3" time="0.006"></testcase><testcase classname="test_submit" file="test_submit.py" line="21" name="test_q4" time="0.073"></testcase><testcase classname="test_submit" file="test_submit.py" line="26" name="test_q5" time="0.008"></testcase><testcase classname="test_submit" file="test_submit.py" line="34" name="test_q6" time="0.760"></testcase><testcase classname="test_submit" file="test_submit.py" line="39" name="test_q7" time="0.824"></testcase></testsuite></testsuites>